{"name": "test_login_tickets_2", "status": "broken", "statusDetails": {"message": "selenium.common.exceptions.TimeoutException: Message: \nStacktrace:\nBacktrace:\n\tOrdinal0 [0x00F51ED3+2236115]\n\tOrdinal0 [0x00EE92F1+1807089]\n\tOrdinal0 [0x00DF66FD+812797]\n\tOrdinal0 [0x00E255DF+1005023]\n\tOrdinal0 [0x00E257CB+1005515]\n\tOrdinal0 [0x00E57632+1209906]\n\tOrdinal0 [0x00E41AD4+1120980]\n\tOrdinal0 [0x00E559E2+1202658]\n\tOrdinal0 [0x00E418A6+1120422]\n\tOrdinal0 [0x00E1A73D+960317]\n\tOrdinal0 [0x00E1B71F+964383]\n\tGetHandleVerifier [0x011FE7E2+2743074]\n\tGetHandleVerifier [0x011F08D4+2685972]\n\tGetHandleVerifier [0x00FE2BAA+532202]\n\tGetHandleVerifier [0x00FE1990+527568]\n\tOrdinal0 [0x00EF080C+1837068]\n\tOrdinal0 [0x00EF4CD8+1854680]\n\tOrdinal0 [0x00EF4DC5+1854917]\n\tOrdinal0 [0x00EFED64+1895780]\n\tBaseThreadInitThunk [0x76D0FA29+25]\n\tRtlGetAppContainerNamedObjectPath [0x779D7C3E+286]\n\tRtlGetAppContainerNamedObjectPath [0x779D7C0E+238]", "trace": "self = <test_flight_with_unit.TestFlightUnit testMethod=test_login_tickets_2>\n\n    def test_login_tickets_2(self):\n        # self.logger.info(\"<------------Test Login Started----------------->\")\n        # self.driver.get(\"https://tickets.kz/\")\n        loginpage = MainPage(self.driver)\n        # loginpage.login_to_website(login,password)\n        # profile_text = loginpage.check_login()\n>       loginpage.login_to_website(\"t1mb3rmn@gmail.com\",\"Register125\")\n\ntest_flight_with_unit.py:65: \n_ _ _ _ _ _ _ _ _ _ _ _ _ _ _ _ _ _ _ _ _ _ _ _ _ _ _ _ _ _ _ _ _ _ _ _ _ _ _ _ _ _ _ _ _ _ _ _ _ _ _ _ _ _ _ _ _ _ _ _ _ _ _ _ _ _ _ _ _ _ _ _ _ _ _ _ _ _ _ _ _ \n..\\pages\\main_page.py:57: in login_to_website\n    self.do_click(self.profile_locator)\n..\\pages\\base_page.py:15: in do_click\n    self.wait_explicity.until(EC.element_to_be_clickable(locator)).click()\n_ _ _ _ _ _ _ _ _ _ _ _ _ _ _ _ _ _ _ _ _ _ _ _ _ _ _ _ _ _ _ _ _ _ _ _ _ _ _ _ _ _ _ _ _ _ _ _ _ _ _ _ _ _ _ _ _ _ _ _ _ _ _ _ _ _ _ _ _ _ _ _ _ _ _ _ _ _ _ _ _ \n\nself = <selenium.webdriver.support.wait.WebDriverWait (session=\"f7d499afca4dc2e8c9aa426ff926dcd9\")>\nmethod = <function element_to_be_clickable.<locals>._predicate at 0x000002D92230C4C0>, message = ''\n\n    def until(self, method, message: str = \"\"):\n        \"\"\"Calls the method provided with the driver as an argument until the \\\n        return value does not evaluate to ``False``.\n    \n        :param method: callable(WebDriver)\n        :param message: optional message for :exc:`TimeoutException`\n        :returns: the result of the last call to `method`\n        :raises: :exc:`selenium.common.exceptions.TimeoutException` if timeout occurs\n        \"\"\"\n        screen = None\n        stacktrace = None\n    \n        end_time = time.monotonic() + self._timeout\n        while True:\n            try:\n                value = method(self._driver)\n                if value:\n                    return value\n            except self._ignored_exceptions as exc:\n                screen = getattr(exc, 'screen', None)\n                stacktrace = getattr(exc, 'stacktrace', None)\n            time.sleep(self._poll)\n            if time.monotonic() > end_time:\n                break\n>       raise TimeoutException(message, screen, stacktrace)\nE       selenium.common.exceptions.TimeoutException: Message: \nE       Stacktrace:\nE       Backtrace:\nE       \tOrdinal0 [0x00F51ED3+2236115]\nE       \tOrdinal0 [0x00EE92F1+1807089]\nE       \tOrdinal0 [0x00DF66FD+812797]\nE       \tOrdinal0 [0x00E255DF+1005023]\nE       \tOrdinal0 [0x00E257CB+1005515]\nE       \tOrdinal0 [0x00E57632+1209906]\nE       \tOrdinal0 [0x00E41AD4+1120980]\nE       \tOrdinal0 [0x00E559E2+1202658]\nE       \tOrdinal0 [0x00E418A6+1120422]\nE       \tOrdinal0 [0x00E1A73D+960317]\nE       \tOrdinal0 [0x00E1B71F+964383]\nE       \tGetHandleVerifier [0x011FE7E2+2743074]\nE       \tGetHandleVerifier [0x011F08D4+2685972]\nE       \tGetHandleVerifier [0x00FE2BAA+532202]\nE       \tGetHandleVerifier [0x00FE1990+527568]\nE       \tOrdinal0 [0x00EF080C+1837068]\nE       \tOrdinal0 [0x00EF4CD8+1854680]\nE       \tOrdinal0 [0x00EF4DC5+1854917]\nE       \tOrdinal0 [0x00EFED64+1895780]\nE       \tBaseThreadInitThunk [0x76D0FA29+25]\nE       \tRtlGetAppContainerNamedObjectPath [0x779D7C3E+286]\nE       \tRtlGetAppContainerNamedObjectPath [0x779D7C0E+238]\n\nC:\\Users\\Lenovo\\AppData\\Local\\Programs\\Python\\Python39\\lib\\site-packages\\selenium\\webdriver\\support\\wait.py:90: TimeoutException"}, "start": 1665582457128, "stop": 1665582476525, "uuid": "0aef4859-4b8d-491a-8acb-1620a19780e1", "historyId": "1e4d026e7b16d3cc5296f4b0795f5364", "testCaseId": "518cdb2df6e9062b287fb998d6f35a74", "fullName": "test_flight_with_unit.TestFlightUnit#test_login_tickets_2", "labels": [{"name": "suite", "value": "test_flight_with_unit"}, {"name": "subSuite", "value": "TestFlightUnit"}, {"name": "host", "value": "OneDivision"}, {"name": "thread", "value": "1300-MainThread"}, {"name": "framework", "value": "pytest"}, {"name": "language", "value": "cpython3"}, {"name": "package", "value": "test_flight_with_unit"}]}